This is pdfTeX, Version 3.141592653-2.6-1.40.25 (TeX Live 2023) (preloaded format=pdflatex 2024.1.14)  18 FEB 2024 13:06
entering extended mode
 restricted \write18 enabled.
 %&-line parsing enabled.
**Replication_Code.tex
(./Replication_Code.tex
LaTeX2e <2023-11-01>
L3 programming layer <2024-01-04>
(c:/Users/jairp/AppData/Roaming/TinyTeX/texmf-dist/tex/latex/base/article.cls
Document Class: article 2023/05/17 v1.4n Standard LaTeX document class
(c:/Users/jairp/AppData/Roaming/TinyTeX/texmf-dist/tex/latex/base/size10.clo
File: size10.clo 2023/05/17 v1.4n Standard LaTeX file (size option)
)
\c@part=\count187
\c@section=\count188
\c@subsection=\count189
\c@subsubsection=\count190
\c@paragraph=\count191
\c@subparagraph=\count192
\c@figure=\count193
\c@table=\count194
\abovecaptionskip=\skip48
\belowcaptionskip=\skip49
\bibindent=\dimen140
) (c:/Users/jairp/AppData/Roaming/TinyTeX/texmf-dist/tex/latex/amsmath/amsmath.sty
Package: amsmath 2023/05/13 v2.17o AMS math features
\@mathmargin=\skip50
For additional information on amsmath, use the `?' option.
(c:/Users/jairp/AppData/Roaming/TinyTeX/texmf-dist/tex/latex/amsmath/amstext.sty
Package: amstext 2021/08/26 v2.01 AMS text
(c:/Users/jairp/AppData/Roaming/TinyTeX/texmf-dist/tex/latex/amsmath/amsgen.sty
File: amsgen.sty 1999/11/30 v2.0 generic functions
\@emptytoks=\toks17
\ex@=\dimen141
)) (c:/Users/jairp/AppData/Roaming/TinyTeX/texmf-dist/tex/latex/amsmath/amsbsy.sty
Package: amsbsy 1999/11/29 v1.2d Bold Symbols
\pmbraise@=\dimen142
) (c:/Users/jairp/AppData/Roaming/TinyTeX/texmf-dist/tex/latex/amsmath/amsopn.sty
Package: amsopn 2022/04/08 v2.04 operator names
)
\inf@bad=\count195
LaTeX Info: Redefining \frac on input line 234.
\uproot@=\count196
\leftroot@=\count197
LaTeX Info: Redefining \overline on input line 399.
LaTeX Info: Redefining \colon on input line 410.
\classnum@=\count198
\DOTSCASE@=\count199
LaTeX Info: Redefining \ldots on input line 496.
LaTeX Info: Redefining \dots on input line 499.
LaTeX Info: Redefining \cdots on input line 620.
\Mathstrutbox@=\box51
\strutbox@=\box52
LaTeX Info: Redefining \big on input line 722.
LaTeX Info: Redefining \Big on input line 723.
LaTeX Info: Redefining \bigg on input line 724.
LaTeX Info: Redefining \Bigg on input line 725.
\big@size=\dimen143
LaTeX Font Info:    Redeclaring font encoding OML on input line 743.
LaTeX Font Info:    Redeclaring font encoding OMS on input line 744.
\macc@depth=\count266
LaTeX Info: Redefining \bmod on input line 905.
LaTeX Info: Redefining \pmod on input line 910.
LaTeX Info: Redefining \smash on input line 940.
LaTeX Info: Redefining \relbar on input line 970.
LaTeX Info: Redefining \Relbar on input line 971.
\c@MaxMatrixCols=\count267
\dotsspace@=\muskip16
\c@parentequation=\count268
\dspbrk@lvl=\count269
\tag@help=\toks18
\row@=\count270
\column@=\count271
\maxfields@=\count272
\andhelp@=\toks19
\eqnshift@=\dimen144
\alignsep@=\dimen145
\tagshift@=\dimen146
\tagwidth@=\dimen147
\totwidth@=\dimen148
\lineht@=\dimen149
\@envbody=\toks20
\multlinegap=\skip51
\multlinetaggap=\skip52
\mathdisplay@stack=\toks21
LaTeX Info: Redefining \[ on input line 2953.
LaTeX Info: Redefining \] on input line 2954.
) (c:/Users/jairp/AppData/Roaming/TinyTeX/texmf-dist/tex/latex/amsfonts/amssymb.sty
Package: amssymb 2013/01/14 v3.01 AMS font symbols
(c:/Users/jairp/AppData/Roaming/TinyTeX/texmf-dist/tex/latex/amsfonts/amsfonts.sty
Package: amsfonts 2013/01/14 v3.01 Basic AMSFonts support
\symAMSa=\mathgroup4
\symAMSb=\mathgroup5
LaTeX Font Info:    Redeclaring math symbol \hbar on input line 98.
LaTeX Font Info:    Overwriting math alphabet `\mathfrak' in version `bold'
(Font)                  U/euf/m/n --> U/euf/b/n on input line 106.
)) (c:/Users/jairp/AppData/Roaming/TinyTeX/texmf-dist/tex/generic/iftex/iftex.sty
Package: iftex 2022/02/03 v1.0f TeX engine tests
) (c:/Users/jairp/AppData/Roaming/TinyTeX/texmf-dist/tex/latex/base/fontenc.sty
Package: fontenc 2021/04/29 v2.0v Standard LaTeX package
) (c:/Users/jairp/AppData/Roaming/TinyTeX/texmf-dist/tex/latex/base/inputenc.sty
Package: inputenc 2021/02/14 v1.3d Input encoding file
\inpenc@prehook=\toks22
\inpenc@posthook=\toks23
) (c:/Users/jairp/AppData/Roaming/TinyTeX/texmf-dist/tex/latex/base/textcomp.sty
Package: textcomp 2020/02/02 v2.0n Standard LaTeX package
) (c:/Users/jairp/AppData/Roaming/TinyTeX/texmf-dist/tex/latex/lm/lmodern.sty
Package: lmodern 2015/05/01 v1.6.1 Latin Modern Fonts
LaTeX Font Info:    Overwriting symbol font `operators' in version `normal'
(Font)                  OT1/cmr/m/n --> OT1/lmr/m/n on input line 22.
LaTeX Font Info:    Overwriting symbol font `letters' in version `normal'
(Font)                  OML/cmm/m/it --> OML/lmm/m/it on input line 23.
LaTeX Font Info:    Overwriting symbol font `symbols' in version `normal'
(Font)                  OMS/cmsy/m/n --> OMS/lmsy/m/n on input line 24.
LaTeX Font Info:    Overwriting symbol font `largesymbols' in version `normal'
(Font)                  OMX/cmex/m/n --> OMX/lmex/m/n on input line 25.
LaTeX Font Info:    Overwriting symbol font `operators' in version `bold'
(Font)                  OT1/cmr/bx/n --> OT1/lmr/bx/n on input line 26.
LaTeX Font Info:    Overwriting symbol font `letters' in version `bold'
(Font)                  OML/cmm/b/it --> OML/lmm/b/it on input line 27.
LaTeX Font Info:    Overwriting symbol font `symbols' in version `bold'
(Font)                  OMS/cmsy/b/n --> OMS/lmsy/b/n on input line 28.
LaTeX Font Info:    Overwriting symbol font `largesymbols' in version `bold'
(Font)                  OMX/cmex/m/n --> OMX/lmex/m/n on input line 29.
LaTeX Font Info:    Overwriting math alphabet `\mathbf' in version `normal'
(Font)                  OT1/cmr/bx/n --> OT1/lmr/bx/n on input line 31.
LaTeX Font Info:    Overwriting math alphabet `\mathsf' in version `normal'
(Font)                  OT1/cmss/m/n --> OT1/lmss/m/n on input line 32.
LaTeX Font Info:    Overwriting math alphabet `\mathit' in version `normal'
(Font)                  OT1/cmr/m/it --> OT1/lmr/m/it on input line 33.
LaTeX Font Info:    Overwriting math alphabet `\mathtt' in version `normal'
(Font)                  OT1/cmtt/m/n --> OT1/lmtt/m/n on input line 34.
LaTeX Font Info:    Overwriting math alphabet `\mathbf' in version `bold'
(Font)                  OT1/cmr/bx/n --> OT1/lmr/bx/n on input line 35.
LaTeX Font Info:    Overwriting math alphabet `\mathsf' in version `bold'
(Font)                  OT1/cmss/bx/n --> OT1/lmss/bx/n on input line 36.
LaTeX Font Info:    Overwriting math alphabet `\mathit' in version `bold'
(Font)                  OT1/cmr/bx/it --> OT1/lmr/bx/it on input line 37.
LaTeX Font Info:    Overwriting math alphabet `\mathtt' in version `bold'
(Font)                  OT1/cmtt/m/n --> OT1/lmtt/m/n on input line 38.
) (c:/Users/jairp/AppData/Roaming/TinyTeX/texmf-dist/tex/latex/xcolor/xcolor.sty
Package: xcolor 2023/11/15 v3.01 LaTeX color extensions (UK)
(c:/Users/jairp/AppData/Roaming/TinyTeX/texmf-dist/tex/latex/graphics-cfg/color.cfg
File: color.cfg 2016/01/02 v1.6 sample color configuration
)
Package xcolor Info: Driver file: pdftex.def on input line 274.
(c:/Users/jairp/AppData/Roaming/TinyTeX/texmf-dist/tex/latex/graphics-def/pdftex.def
File: pdftex.def 2022/09/22 v1.2b Graphics/color driver for pdftex
) (c:/Users/jairp/AppData/Roaming/TinyTeX/texmf-dist/tex/latex/graphics/mathcolor.ltx)
Package xcolor Info: Model `cmy' substituted by `cmy0' on input line 1350.
Package xcolor Info: Model `hsb' substituted by `rgb' on input line 1354.
Package xcolor Info: Model `RGB' extended on input line 1366.
Package xcolor Info: Model `HTML' substituted by `rgb' on input line 1368.
Package xcolor Info: Model `Hsb' substituted by `hsb' on input line 1369.
Package xcolor Info: Model `tHsb' substituted by `hsb' on input line 1370.
Package xcolor Info: Model `HSB' substituted by `hsb' on input line 1371.
Package xcolor Info: Model `Gray' substituted by `gray' on input line 1372.
Package xcolor Info: Model `wave' substituted by `hsb' on input line 1373.
) (c:/Users/jairp/AppData/Roaming/TinyTeX/texmf-dist/tex/latex/geometry/geometry.sty
Package: geometry 2020/01/02 v5.9 Page Geometry
(c:/Users/jairp/AppData/Roaming/TinyTeX/texmf-dist/tex/latex/graphics/keyval.sty
Package: keyval 2022/05/29 v1.15 key=value parser (DPC)
\KV@toks@=\toks24
) (c:/Users/jairp/AppData/Roaming/TinyTeX/texmf-dist/tex/generic/iftex/ifvtex.sty
Package: ifvtex 2019/10/25 v1.7 ifvtex legacy package. Use iftex instead.
)
\Gm@cnth=\count273
\Gm@cntv=\count274
\c@Gm@tempcnt=\count275
\Gm@bindingoffset=\dimen150
\Gm@wd@mp=\dimen151
\Gm@odd@mp=\dimen152
\Gm@even@mp=\dimen153
\Gm@layoutwidth=\dimen154
\Gm@layoutheight=\dimen155
\Gm@layouthoffset=\dimen156
\Gm@layoutvoffset=\dimen157
\Gm@dimlist=\toks25
) (c:/Users/jairp/AppData/Roaming/TinyTeX/texmf-dist/tex/latex/fancyvrb/fancyvrb.sty
Package: fancyvrb 2023/11/06 4.5b verbatim text (tvz,hv)
\FV@CodeLineNo=\count276
\FV@InFile=\read2
\FV@TabBox=\box53
\c@FancyVerbLine=\count277
\FV@StepNumber=\count278
\FV@OutFile=\write3
) (c:/Users/jairp/AppData/Roaming/TinyTeX/texmf-dist/tex/latex/framed/framed.sty
Package: framed 2011/10/22 v 0.96: framed or shaded text with page breaks
\OuterFrameSep=\skip53
\fb@frw=\dimen158
\fb@frh=\dimen159
\FrameRule=\dimen160
\FrameSep=\dimen161
) (c:/Users/jairp/AppData/Roaming/TinyTeX/texmf-dist/tex/latex/graphics/graphicx.sty
Package: graphicx 2021/09/16 v1.2d Enhanced LaTeX Graphics (DPC,SPQR)
(c:/Users/jairp/AppData/Roaming/TinyTeX/texmf-dist/tex/latex/graphics/graphics.sty
Package: graphics 2022/03/10 v1.4e Standard LaTeX Graphics (DPC,SPQR)
(c:/Users/jairp/AppData/Roaming/TinyTeX/texmf-dist/tex/latex/graphics/trig.sty
Package: trig 2021/08/11 v1.11 sin cos tan (DPC)
) (c:/Users/jairp/AppData/Roaming/TinyTeX/texmf-dist/tex/latex/graphics-cfg/graphics.cfg
File: graphics.cfg 2016/06/04 v1.11 sample graphics configuration
)
Package graphics Info: Driver file: pdftex.def on input line 107.
)
\Gin@req@height=\dimen162
\Gin@req@width=\dimen163
) (c:/Users/jairp/AppData/Roaming/TinyTeX/texmf-dist/tex/latex/amscls/amsthm.sty
Package: amsthm 2020/05/29 v2.20.6
\thm@style=\toks26
\thm@bodyfont=\toks27
\thm@headfont=\toks28
\thm@notefont=\toks29
\thm@headpunct=\toks30
\thm@preskip=\skip54
\thm@postskip=\skip55
\thm@headsep=\skip56
\dth@everypar=\toks31
) (c:/Users/jairp/AppData/Roaming/TinyTeX/texmf-dist/tex/latex/fancyhdr/fancyhdr.sty
Package: fancyhdr 2022/11/09 v4.1 Extensive control of page headers and footers
\f@nch@headwidth=\skip57
\f@nch@O@elh=\skip58
\f@nch@O@erh=\skip59
\f@nch@O@olh=\skip60
\f@nch@O@orh=\skip61
\f@nch@O@elf=\skip62
\f@nch@O@erf=\skip63
\f@nch@O@olf=\skip64
\f@nch@O@orf=\skip65
)

Package fancyhdr Warning: \fancyhead's `E' option without twoside option is useless.
(fancyhdr)                Please consider using the `twoside' option on input line 102.


Package fancyhdr Warning: \fancyfoot's `E' option without twoside option is useless.
(fancyhdr)                Please consider using the `twoside' option on input line 103.


Package fancyhdr Warning: \fancyfoot's `E' option without twoside option is useless.
(fancyhdr)                Please consider using the `twoside' option on input line 104.

(c:/Users/jairp/AppData/Roaming/TinyTeX/texmf-dist/tex/latex/tools/array.sty
Package: array 2023/10/16 v2.5g Tabular extension package (FMi)
\col@sep=\dimen164
\ar@mcellbox=\box54
\extrarowheight=\dimen165
\NC@list=\toks32
\extratabsurround=\skip66
\backup@length=\skip67
\ar@cellbox=\box55
) (c:/Users/jairp/AppData/Roaming/TinyTeX/texmf-dist/tex/latex/booktabs/booktabs.sty
Package: booktabs 2020/01/12 v1.61803398 Publication quality tables
\heavyrulewidth=\dimen166
\lightrulewidth=\dimen167
\cmidrulewidth=\dimen168
\belowrulesep=\dimen169
\belowbottomsep=\dimen170
\aboverulesep=\dimen171
\abovetopsep=\dimen172
\cmidrulesep=\dimen173
\cmidrulekern=\dimen174
\defaultaddspace=\dimen175
\@cmidla=\count279
\@cmidlb=\count280
\@aboverulesep=\dimen176
\@belowrulesep=\dimen177
\@thisruleclass=\count281
\@lastruleclass=\count282
\@thisrulewidth=\dimen178
) (c:/Users/jairp/AppData/Roaming/TinyTeX/texmf-dist/tex/latex/hyperref/hyperref.sty
Package: hyperref 2023-11-26 v7.01g Hypertext links for LaTeX
(c:/Users/jairp/AppData/Roaming/TinyTeX/texmf-dist/tex/generic/infwarerr/infwarerr.sty
Package: infwarerr 2019/12/03 v1.5 Providing info/warning/error messages (HO)
) (c:/Users/jairp/AppData/Roaming/TinyTeX/texmf-dist/tex/latex/kvsetkeys/kvsetkeys.sty
Package: kvsetkeys 2022-10-05 v1.19 Key value parser (HO)
) (c:/Users/jairp/AppData/Roaming/TinyTeX/texmf-dist/tex/generic/kvdefinekeys/kvdefinekeys.sty
Package: kvdefinekeys 2019-12-19 v1.6 Define keys (HO)
) (c:/Users/jairp/AppData/Roaming/TinyTeX/texmf-dist/tex/generic/pdfescape/pdfescape.sty
Package: pdfescape 2019/12/09 v1.15 Implements pdfTeX's escape features (HO)
(c:/Users/jairp/AppData/Roaming/TinyTeX/texmf-dist/tex/generic/ltxcmds/ltxcmds.sty
Package: ltxcmds 2023-12-04 v1.26 LaTeX kernel commands for general use (HO)
) (c:/Users/jairp/AppData/Roaming/TinyTeX/texmf-dist/tex/generic/pdftexcmds/pdftexcmds.sty
Package: pdftexcmds 2020-06-27 v0.33 Utility functions of pdfTeX for LuaTeX (HO)
Package pdftexcmds Info: \pdf@primitive is available.
Package pdftexcmds Info: \pdf@ifprimitive is available.
Package pdftexcmds Info: \pdfdraftmode found.
)) (c:/Users/jairp/AppData/Roaming/TinyTeX/texmf-dist/tex/latex/hycolor/hycolor.sty
Package: hycolor 2020-01-27 v1.10 Color options for hyperref/bookmark (HO)
) (c:/Users/jairp/AppData/Roaming/TinyTeX/texmf-dist/tex/latex/letltxmacro/letltxmacro.sty
Package: letltxmacro 2019/12/03 v1.6 Let assignment for LaTeX macros (HO)
) (c:/Users/jairp/AppData/Roaming/TinyTeX/texmf-dist/tex/latex/auxhook/auxhook.sty
Package: auxhook 2019-12-17 v1.6 Hooks for auxiliary files (HO)
) (c:/Users/jairp/AppData/Roaming/TinyTeX/texmf-dist/tex/latex/hyperref/nameref.sty
Package: nameref 2023-11-26 v2.56 Cross-referencing by name of section
(c:/Users/jairp/AppData/Roaming/TinyTeX/texmf-dist/tex/latex/refcount/refcount.sty
Package: refcount 2019/12/15 v3.6 Data extraction from label references (HO)
) (c:/Users/jairp/AppData/Roaming/TinyTeX/texmf-dist/tex/generic/gettitlestring/gettitlestring.sty
Package: gettitlestring 2019/12/15 v1.6 Cleanup title references (HO)
(c:/Users/jairp/AppData/Roaming/TinyTeX/texmf-dist/tex/latex/kvoptions/kvoptions.sty
Package: kvoptions 2022-06-15 v3.15 Key value format for package options (HO)
))
\c@section@level=\count283
) (c:/Users/jairp/AppData/Roaming/TinyTeX/texmf-dist/tex/latex/etoolbox/etoolbox.sty
Package: etoolbox 2020/10/05 v2.5k e-TeX tools for LaTeX (JAW)
\etb@tempcnta=\count284
)
\@linkdim=\dimen179
\Hy@linkcounter=\count285
\Hy@pagecounter=\count286
(c:/Users/jairp/AppData/Roaming/TinyTeX/texmf-dist/tex/latex/hyperref/pd1enc.def
File: pd1enc.def 2023-11-26 v7.01g Hyperref: PDFDocEncoding definition (HO)
Now handling font encoding PD1 ...
... no UTF-8 mapping file for font encoding PD1
) (c:/Users/jairp/AppData/Roaming/TinyTeX/texmf-dist/tex/generic/intcalc/intcalc.sty
Package: intcalc 2019/12/15 v1.3 Expandable calculations with integers (HO)
)
\Hy@SavedSpaceFactor=\count287
(c:/Users/jairp/AppData/Roaming/TinyTeX/texmf-dist/tex/latex/hyperref/puenc.def
File: puenc.def 2023-11-26 v7.01g Hyperref: PDF Unicode definition (HO)
Now handling font encoding PU ...
... no UTF-8 mapping file for font encoding PU
)
Package hyperref Info: Option `unicode' set `true' on input line 4064.
Package hyperref Info: Hyper figures OFF on input line 4181.
Package hyperref Info: Link nesting OFF on input line 4186.
Package hyperref Info: Hyper index ON on input line 4189.
Package hyperref Info: Plain pages OFF on input line 4196.
Package hyperref Info: Backreferencing OFF on input line 4201.
Package hyperref Info: Implicit mode ON; LaTeX internals redefined.
Package hyperref Info: Bookmarks ON on input line 4448.
\c@Hy@tempcnt=\count288
(c:/Users/jairp/AppData/Roaming/TinyTeX/texmf-dist/tex/latex/url/url.sty
\Urlmuskip=\muskip17
Package: url 2013/09/16  ver 3.4  Verb mode for urls, etc.
)
LaTeX Info: Redefining \url on input line 4786.
\XeTeXLinkMargin=\dimen180
(c:/Users/jairp/AppData/Roaming/TinyTeX/texmf-dist/tex/generic/bitset/bitset.sty
Package: bitset 2019/12/09 v1.3 Handle bit-vector datatype (HO)
(c:/Users/jairp/AppData/Roaming/TinyTeX/texmf-dist/tex/generic/bigintcalc/bigintcalc.sty
Package: bigintcalc 2019/12/15 v1.5 Expandable calculations on big integers (HO)
))
\Fld@menulength=\count289
\Field@Width=\dimen181
\Fld@charsize=\dimen182
Package hyperref Info: Hyper figures OFF on input line 6065.
Package hyperref Info: Link nesting OFF on input line 6070.
Package hyperref Info: Hyper index ON on input line 6073.
Package hyperref Info: backreferencing OFF on input line 6080.
Package hyperref Info: Link coloring OFF on input line 6085.
Package hyperref Info: Link coloring with OCG OFF on input line 6090.
Package hyperref Info: PDF/A mode OFF on input line 6095.
(c:/Users/jairp/AppData/Roaming/TinyTeX/texmf-dist/tex/latex/base/atbegshi-ltx.sty
Package: atbegshi-ltx 2021/01/10 v1.0c Emulation of the original atbegshi
package with kernel methods
)
\Hy@abspage=\count290
\c@Item=\count291
\c@Hfootnote=\count292
)
Package hyperref Info: Driver (autodetected): hpdftex.
(c:/Users/jairp/AppData/Roaming/TinyTeX/texmf-dist/tex/latex/hyperref/hpdftex.def
File: hpdftex.def 2023-11-26 v7.01g Hyperref driver for pdfTeX
(c:/Users/jairp/AppData/Roaming/TinyTeX/texmf-dist/tex/latex/base/atveryend-ltx.sty
Package: atveryend-ltx 2020/08/19 v1.0a Emulation of the original atveryend package
with kernel methods
)
\Fld@listcount=\count293
\c@bookmark@seq@number=\count294
(c:/Users/jairp/AppData/Roaming/TinyTeX/texmf-dist/tex/latex/rerunfilecheck/rerunfilecheck.sty
Package: rerunfilecheck 2022-07-10 v1.10 Rerun checks for auxiliary files (HO)
(c:/Users/jairp/AppData/Roaming/TinyTeX/texmf-dist/tex/generic/uniquecounter/uniquecounter.sty
Package: uniquecounter 2019/12/15 v1.4 Provide unlimited unique counter (HO)
)
Package uniquecounter Info: New unique counter `rerunfilecheck' on input line 285.
)
\Hy@SectionHShift=\skip68
)
LaTeX Font Info:    Trying to load font information for T1+lmr on input line 124.
(c:/Users/jairp/AppData/Roaming/TinyTeX/texmf-dist/tex/latex/lm/t1lmr.fd
File: t1lmr.fd 2015/05/01 v1.6.1 Font defs for Latin Modern
) (c:/Users/jairp/AppData/Roaming/TinyTeX/texmf-dist/tex/latex/l3backend/l3backend-pdftex.def
File: l3backend-pdftex.def 2024-01-04 L3 backend support: PDF output (pdfTeX)
\l__color_backend_stack_int=\count295
\l__pdf_internal_box=\box56
) (./Replication_Code.aux)
\openout1 = `Replication_Code.aux'.

LaTeX Font Info:    Checking defaults for OML/cmm/m/it on input line 124.
LaTeX Font Info:    ... okay on input line 124.
LaTeX Font Info:    Checking defaults for OMS/cmsy/m/n on input line 124.
LaTeX Font Info:    ... okay on input line 124.
LaTeX Font Info:    Checking defaults for OT1/cmr/m/n on input line 124.
LaTeX Font Info:    ... okay on input line 124.
LaTeX Font Info:    Checking defaults for T1/cmr/m/n on input line 124.
LaTeX Font Info:    ... okay on input line 124.
LaTeX Font Info:    Checking defaults for TS1/cmr/m/n on input line 124.
LaTeX Font Info:    ... okay on input line 124.
LaTeX Font Info:    Checking defaults for OMX/cmex/m/n on input line 124.
LaTeX Font Info:    ... okay on input line 124.
LaTeX Font Info:    Checking defaults for U/cmr/m/n on input line 124.
LaTeX Font Info:    ... okay on input line 124.
LaTeX Font Info:    Checking defaults for PD1/pdf/m/n on input line 124.
LaTeX Font Info:    ... okay on input line 124.
LaTeX Font Info:    Checking defaults for PU/pdf/m/n on input line 124.
LaTeX Font Info:    ... okay on input line 124.
(c:/Users/jairp/AppData/Roaming/TinyTeX/texmf-dist/tex/latex/epstopdf-pkg/epstopdf-base.sty
Package: epstopdf-base 2020-01-24 v2.11 Base part for package epstopdf
Package epstopdf-base Info: Redefining graphics rule for `.eps' on input line 485.
(c:/Users/jairp/AppData/Roaming/TinyTeX/texmf-dist/tex/latex/latexconfig/epstopdf-sys.cfg
File: epstopdf-sys.cfg 2010/07/13 v1.3 Configuration of (r)epstopdf for TeX Live
))
*geometry* driver: auto-detecting
*geometry* detected driver: pdftex
*geometry* verbose mode - [ preamble ] result:
* driver: pdftex
* paper: <default>
* layout: <same size as paper>
* layoutoffset:(h,v)=(0.0pt,0.0pt)
* modes: 
* h-part:(L,W,R)=(36.98866pt, 540.31767pt, 36.98866pt)
* v-part:(T,H,B)=(36.98866pt, 720.99266pt, 36.98866pt)
* \paperwidth=614.295pt
* \paperheight=794.96999pt
* \textwidth=540.31767pt
* \textheight=720.99266pt
* \oddsidemargin=-35.28133pt
* \evensidemargin=-35.28133pt
* \topmargin=-72.28133pt
* \headheight=12.0pt
* \headsep=25.0pt
* \topskip=10.0pt
* \footskip=30.0pt
* \marginparwidth=65.0pt
* \marginparsep=11.0pt
* \columnsep=10.0pt
* \skip\footins=9.0pt plus 4.0pt minus 2.0pt
* \hoffset=0.0pt
* \voffset=0.0pt
* \mag=1000
* \@twocolumnfalse
* \@twosidefalse
* \@mparswitchfalse
* \@reversemarginfalse
* (1in=72.27pt=25.4mm, 1cm=28.453pt)

Package hyperref Info: Link coloring OFF on input line 124.
(./Replication_Code.out) (./Replication_Code.out)
\@outlinefile=\write4
\openout4 = `Replication_Code.out'.

LaTeX Font Info:    Trying to load font information for OT1+lmr on input line 126.
(c:/Users/jairp/AppData/Roaming/TinyTeX/texmf-dist/tex/latex/lm/ot1lmr.fd
File: ot1lmr.fd 2015/05/01 v1.6.1 Font defs for Latin Modern
)
LaTeX Font Info:    Trying to load font information for OML+lmm on input line 126.
(c:/Users/jairp/AppData/Roaming/TinyTeX/texmf-dist/tex/latex/lm/omllmm.fd
File: omllmm.fd 2015/05/01 v1.6.1 Font defs for Latin Modern
)
LaTeX Font Info:    Trying to load font information for OMS+lmsy on input line 126.
(c:/Users/jairp/AppData/Roaming/TinyTeX/texmf-dist/tex/latex/lm/omslmsy.fd
File: omslmsy.fd 2015/05/01 v1.6.1 Font defs for Latin Modern
)
LaTeX Font Info:    Trying to load font information for OMX+lmex on input line 126.
(c:/Users/jairp/AppData/Roaming/TinyTeX/texmf-dist/tex/latex/lm/omxlmex.fd
File: omxlmex.fd 2015/05/01 v1.6.1 Font defs for Latin Modern
)
LaTeX Font Info:    External font `lmex10' loaded for size
(Font)              <12> on input line 126.
LaTeX Font Info:    External font `lmex10' loaded for size
(Font)              <8> on input line 126.
LaTeX Font Info:    External font `lmex10' loaded for size
(Font)              <6> on input line 126.
LaTeX Font Info:    Trying to load font information for U+msa on input line 126.
(c:/Users/jairp/AppData/Roaming/TinyTeX/texmf-dist/tex/latex/amsfonts/umsa.fd
File: umsa.fd 2013/01/14 v3.01 AMS symbols A
)
LaTeX Font Info:    Trying to load font information for U+msb on input line 126.
(c:/Users/jairp/AppData/Roaming/TinyTeX/texmf-dist/tex/latex/amsfonts/umsb.fd
File: umsb.fd 2013/01/14 v3.01 AMS symbols B
)
\c@assumption=\count296
\c@theorem=\count297
\c@definition=\count298
\c@proposition=\count299
\c@example=\count300
\c@remark*=\count301
\c@aside*=\count302
\c@exercise*=\count303
LaTeX Font Info:    Trying to load font information for T1+lmtt on input line 141.
(c:/Users/jairp/AppData/Roaming/TinyTeX/texmf-dist/tex/latex/lm/t1lmtt.fd
File: t1lmtt.fd 2015/05/01 v1.6.1 Font defs for Latin Modern
)
LaTeX Font Info:    Font shape `T1/lmtt/bx/n' in size <10> not available
(Font)              Font shape `T1/lmtt/b/n' tried instead on input line 143.

LaTeX Font Warning: Font shape `T1/lmtt/bx/it' in size <10> not available
(Font)              Font shape `T1/lmtt/b/sl' tried instead on input line 188.

LaTeX Font Info:    Trying to load font information for TS1+lmtt on input line 222.
(c:/Users/jairp/AppData/Roaming/TinyTeX/texmf-dist/tex/latex/lm/ts1lmtt.fd
File: ts1lmtt.fd 2015/05/01 v1.6.1 Font defs for Latin Modern
) [1

{c:/Users/jairp/AppData/Roaming/TinyTeX/texmf-var/fonts/map/pdftex/updmap/pdftex.map}{c:/Users/jairp/AppData/Roaming/TinyTeX/texmf-dist/fonts/enc/dvips/lm/lm-ec.enc}] [2{c:/Users/jairp/AppData/Roaming/TinyTeX/texmf-dist/fonts/enc/dvips/lm/lm-ts1.enc}] [3] [4]
Overfull \hbox (16.18071pt too wide) in paragraph at lines 430--430
[]\T1/lmtt/m/n/10 ##  $ borough      : chr  "C\TS1/lmtt/m/n/10 ¶\T1/lmtt/m/n/10 te-des-Neiges-Notre-Dame-de-Graces" "Sud-Ouest" "Ville-Marie" "Sud-Ouest" ...[] 
 []

LaTeX Font Info:    Trying to load font information for TS1+lmr on input line 435.
(c:/Users/jairp/AppData/Roaming/TinyTeX/texmf-dist/tex/latex/lm/ts1lmr.fd
File: ts1lmr.fd 2015/05/01 v1.6.1 Font defs for Latin Modern
) [5] [6] [7] [8] [9] [10] [11]
Overfull \hbox (0.43076pt too wide) in paragraph at lines 921--921
[]\T1/lmtt/m/n/10 ##  $ borough_grouped   : Factor w/ 13 levels "Ahuntsic-Cartierville",..: 3 11 12 11 11 2 5 11 12 5 ...[] 
 []

[12]
Overfull \hbox (31.93066pt too wide) in paragraph at lines 1053--1053
[]\T1/lmtt/m/n/10 ##  $ latitude                                                 : num  -0.0313 0.7961 1.0135 0.7308 0.2793 ...[] 
 []


Overfull \hbox (21.4307pt too wide) in paragraph at lines 1053--1053
[]\T1/lmtt/m/n/10 ##  $ longitude                                                : num  -1.24 -1.062 -0.784 -1.315 -1.347 ...[] 
 []


Overfull \hbox (26.68068pt too wide) in paragraph at lines 1053--1053
[]\T1/lmtt/m/n/10 ##  $ pi                                                       : num  -0.573 -0.573 -0.573 -0.573 -0.573 ...[] 
 []


Overfull \hbox (21.4307pt too wide) in paragraph at lines 1053--1053
[]\T1/lmtt/m/n/10 ##  $ fli                                                      : num  -0.812 -0.422 -0.724 -0.406 -0.43 ...[] 
 []


Overfull \hbox (21.4307pt too wide) in paragraph at lines 1053--1053
[]\T1/lmtt/m/n/10 ##  $ fri                                                      : num  -0.814 -0.586 -0.798 -0.263 -0.39 ...[] 
 []


Overfull \hbox (26.68068pt too wide) in paragraph at lines 1053--1053
[]\T1/lmtt/m/n/10 ##  $ cli                                                      : num  -0.454 -0.454 -0.454 -0.454 -0.454 ...[] 
 []


Overfull \hbox (26.68068pt too wide) in paragraph at lines 1053--1053
[]\T1/lmtt/m/n/10 ##  $ cri                                                      : num  -0.468 -0.468 -0.468 -0.468 -0.468 ...[] 
 []


Overfull \hbox (0.43076pt too wide) in paragraph at lines 1053--1053
[]\T1/lmtt/m/n/10 ##  $ cti                                                      : num  -0.53 -0.53 -0.53 -0.53 -0.53 ...[] 
 []


Overfull \hbox (0.43076pt too wide) in paragraph at lines 1053--1053
[]\T1/lmtt/m/n/10 ##  $ ln_pi                                                    : num  -4.06 -4.06 -4.06 -4.06 -4.06 ...[] 
 []


Overfull \hbox (52.9306pt too wide) in paragraph at lines 1053--1053
[]\T1/lmtt/m/n/10 ##  $ ln_fli                                                   : num  -4.8836 -0.0808 -1.0838 -0.0535 -0.0939 ...[] 
 []


Overfull \hbox (21.4307pt too wide) in paragraph at lines 1053--1053
[]\T1/lmtt/m/n/10 ##  $ ln_fri                                                   : num  -5.205 -0.493 -2.379 0.133 -0.052 ...[] 
 []


Overfull \hbox (0.43076pt too wide) in paragraph at lines 1053--1053
[]\T1/lmtt/m/n/10 ##  $ ln_fti                                                   : num  -2.81 -1.64 -1.07 -1.22 -1.21 ...[] 
 []


Overfull \hbox (0.43076pt too wide) in paragraph at lines 1053--1053
[]\T1/lmtt/m/n/10 ##  $ ln_cli                                                   : num  -3.91 -3.91 -3.91 -3.91 -3.91 ...[] 
 []


Overfull \hbox (0.43076pt too wide) in paragraph at lines 1053--1053
[]\T1/lmtt/m/n/10 ##  $ ln_cri                                                   : num  -4.07 -4.07 -4.07 -4.07 -4.07 ...[] 
 []


Overfull \hbox (0.43076pt too wide) in paragraph at lines 1053--1053
[]\T1/lmtt/m/n/10 ##  $ ln_cti                                                   : num  -5.53 -5.53 -5.53 -5.53 -5.53 ...[] 
 []


Overfull \hbox (21.4307pt too wide) in paragraph at lines 1053--1053
[]\T1/lmtt/m/n/10 ##  $ tot_crossw                                               : num  0.403 -0.738 -1.852 -0.903 -0.505 ...[] 
 []


Overfull \hbox (5.68074pt too wide) in paragraph at lines 1053--1053
[]\T1/lmtt/m/n/10 ##  $ number_of_                                               : num  0.505 -1.21 -2.925 0.505 0.505 ...[] 
 []


Overfull \hbox (21.4307pt too wide) in paragraph at lines 1053--1053
[]\T1/lmtt/m/n/10 ##  $ avg_crossw                                               : num  0.162 -0.223 -0.918 -1.193 -0.772 ...[] 
 []


Overfull \hbox (26.68068pt too wide) in paragraph at lines 1053--1053
[]\T1/lmtt/m/n/10 ##  $ tot_road_w                                               : num  -0.177 -0.971 -1.741 -1.532 -0.702 ...[] 
 []


Overfull \hbox (26.68068pt too wide) in paragraph at lines 1053--1053
[]\T1/lmtt/m/n/10 ##  $ north_veh                                                : num  -0.844 -0.674 -0.844 -0.647 -0.605 ...[] 
 []


Overfull \hbox (26.68068pt too wide) in paragraph at lines 1053--1053
[]\T1/lmtt/m/n/10 ##  $ north_ped                                                : num  -0.474 -0.474 -0.474 -0.474 -0.474 ...[] 
 []


Overfull \hbox (26.68068pt too wide) in paragraph at lines 1053--1053
[]\T1/lmtt/m/n/10 ##  $ east_veh                                                 : num  -0.751 -0.753 -0.567 -0.404 -0.426 ...[] 
 []


Overfull \hbox (0.43076pt too wide) in paragraph at lines 1053--1053
[]\T1/lmtt/m/n/10 ##  $ east_ped                                                 : num  -0.56 -0.56 -0.56 -0.56 -0.56 ...[] 
 []


Overfull \hbox (26.68068pt too wide) in paragraph at lines 1053--1053
[]\T1/lmtt/m/n/10 ##  $ south_veh                                                : num  -0.858 -0.842 -0.809 -0.832 -0.671 ...[] 
 []


Overfull \hbox (0.43076pt too wide) in paragraph at lines 1053--1053
[]\T1/lmtt/m/n/10 ##  $ south_ped                                                : num  -0.48 -0.48 -0.48 -0.48 -0.48 ...[] 
 []


Overfull \hbox (26.68068pt too wide) in paragraph at lines 1053--1053
[]\T1/lmtt/m/n/10 ##  $ west_veh                                                 : num  -1.162 -0.535 -0.382 -0.428 -0.709 ...[] 
 []


Overfull \hbox (26.68068pt too wide) in paragraph at lines 1053--1053
[]\T1/lmtt/m/n/10 ##  $ west_ped                                                 : num  -0.508 -0.508 -0.508 -0.508 -0.508 ...[] 
 []


Overfull \hbox (21.4307pt too wide) in paragraph at lines 1053--1053
[]\T1/lmtt/m/n/10 ##  $ total_lane                                               : num  0.269 -0.299 -0.299 -1.435 -1.435 ...[] 
 []


Overfull \hbox (26.68068pt too wide) in paragraph at lines 1053--1053
[]\T1/lmtt/m/n/10 ##  $ of_exclusi                                               : num  -0.498 -0.498 -0.498 -0.498 -0.498 ...[] 
 []


Overfull \hbox (37.18065pt too wide) in paragraph at lines 1053--1053
[]\T1/lmtt/m/n/10 ##  $ commercial                                               : num  -0.6504 0.0528 0.756 -0.6504 -0.6504 ...[] 
 []


Overfull \hbox (26.68068pt too wide) in paragraph at lines 1053--1053
[]\T1/lmtt/m/n/10 ##  $ distdt                                                   : num  -0.629 -1.032 -1.028 -0.795 -0.718 ...[] 
 []


Overfull \hbox (26.68068pt too wide) in paragraph at lines 1053--1053
[]\T1/lmtt/m/n/10 ##  $ ln_distdt                                                : num  -0.277 -0.971 -0.963 -0.514 -0.397 ...[] 
 []


Overfull \hbox (68.68056pt too wide) in paragraph at lines 1053--1053
[]\T1/lmtt/m/n/10 ##  $ int_no                                                   : int  40 263 1107 1364 225 1728 1623 978 382 944 ...[] 
 []


Overfull \hbox (0.43076pt too wide) in paragraph at lines 1053--1053
[]\T1/lmtt/m/n/10 ##  $ pi_squared                                               : num  0.328 0.328 0.328 0.328 0.328 ...[] 
 []


Overfull \hbox (0.43076pt too wide) in paragraph at lines 1053--1053
[]\T1/lmtt/m/n/10 ##  $ distdt_squared                                           : num  0.395 1.065 1.058 0.633 0.516 ...[] 
 []


Overfull \hbox (21.4307pt too wide) in paragraph at lines 1053--1053
[]\T1/lmtt/m/n/10 ##  $ distdt_cubed                                             : num  -0.248 -1.098 -1.088 -0.503 -0.37 ...[] 
 []


Overfull \hbox (0.43076pt too wide) in paragraph at lines 1053--1053
[]\T1/lmtt/m/n/10 ##  $ tot_crossw_squared                                       : num  0.162 0.544 3.429 0.816 0.255 ...[] 
 []


Overfull \hbox (26.68068pt too wide) in paragraph at lines 1053--1053
[]\T1/lmtt/m/n/10 ##  $ avg_crossw_squared                                       : num  0.0263 0.0495 0.8435 1.4235 0.5959 ...[] 
 []


Overfull \hbox (21.4307pt too wide) in paragraph at lines 1053--1053
[]\T1/lmtt/m/n/10 ##  $ tot_road_w_squared                                       : num  0.0312 0.942 3.0298 2.3461 0.4928 ...[] 
 []


Overfull \hbox (0.43076pt too wide) in paragraph at lines 1053--1053
[]\T1/lmtt/m/n/10 ##  $ fli_squared                                              : num  0.659 0.178 0.524 0.165 0.185 ...[] 
 []


Overfull \hbox (26.68068pt too wide) in paragraph at lines 1053--1053
[]\T1/lmtt/m/n/10 ##  $ fri_squared                                              : num  0.6619 0.3437 0.6364 0.0691 0.1519 ...[] 
 []

[13] [14]
<Replication_Code_files/figure-latex/unnamed-chunk-10-1.pdf, id=245, 650.43pt x 433.62pt>
File: Replication_Code_files/figure-latex/unnamed-chunk-10-1.pdf Graphic file (type pdf)
<use Replication_Code_files/figure-latex/unnamed-chunk-10-1.pdf>
Package pdftex.def Info: Replication_Code_files/figure-latex/unnamed-chunk-10-1.pdf  used on input line 1097.
(pdftex.def)             Requested size: 540.353pt x 360.23534pt.
[15 <./Replication_Code_files/figure-latex/unnamed-chunk-10-1.pdf>]
Overfull \hbox (163.18028pt too wide) in paragraph at lines 1193--1193
[]\T1/lmtt/m/n/10 ##                                                                                                                         description[] 
 []


Overfull \hbox (163.18028pt too wide) in paragraph at lines 1193--1193
[]\T1/lmtt/m/n/10 ## 1               number of pedestrian-vehicle prohibited interactions over each 15 min intervals during the observed counting period[] 
 []


Overfull \hbox (163.18028pt too wide) in paragraph at lines 1193--1193
[]\T1/lmtt/m/n/10 ## 2   number of pedestrian-vehicle left turning potential interactions over each 15 min intervals during the observed counting period[] 
 []


Overfull \hbox (163.18028pt too wide) in paragraph at lines 1193--1193
[]\T1/lmtt/m/n/10 ## 3  number of pedestrian-vehicle right turning potential interactions over each 15 min intervals during the observed counting period[] 
 []


Overfull \hbox (163.18028pt too wide) in paragraph at lines 1193--1193
[]\T1/lmtt/m/n/10 ## 4                                                                      average annual daily flow for pedestrian at the intersection[] 
 []

[16]
Overfull \hbox (163.18028pt too wide) in paragraph at lines 1193--1193
[]\T1/lmtt/m/n/10 ## 5                                                       average annual daily flow for pedestrians heading north at the intersection[] 
 []


Overfull \hbox (163.18028pt too wide) in paragraph at lines 1193--1193
[]\T1/lmtt/m/n/10 ## 6                                                     average annual daily flow for pedestrians heading southth at the intersection[] 
 []


Overfull \hbox (163.18028pt too wide) in paragraph at lines 1193--1193
[]\T1/lmtt/m/n/10 ## 7                                                        average annual daily flow for pedestrians heading east at the intersection[] 
 []


Overfull \hbox (163.18028pt too wide) in paragraph at lines 1193--1193
[]\T1/lmtt/m/n/10 ## 8                                                        average annual daily flow for pedestrians heading west at the intersection[] 
 []


Overfull \hbox (163.18028pt too wide) in paragraph at lines 1193--1193
[]\T1/lmtt/m/n/10 ## 9                                               sum of the road widths (outside crosswalks) along each approach of the intersection[] 
 []


Overfull \hbox (163.18028pt too wide) in paragraph at lines 1193--1193
[]\T1/lmtt/m/n/10 ## 10                                                        average annual daily flow for vehicules turning right at the intersection[] 
 []


Overfull \hbox (163.18028pt too wide) in paragraph at lines 1193--1193
[]\T1/lmtt/m/n/10 ## 11                                                                      average annual daily flow for vehicules at the intersection[] 
 []


Overfull \hbox (163.18028pt too wide) in paragraph at lines 1193--1193
[]\T1/lmtt/m/n/10 ## 12                                                                                                                             <NA>[] 
 []


Overfull \hbox (163.18028pt too wide) in paragraph at lines 1193--1193
[]\T1/lmtt/m/n/10 ## 13                                             average annual daily flow for vehicules going through (straight) at the intersection[] 
 []


Overfull \hbox (163.18028pt too wide) in paragraph at lines 1193--1193
[]\T1/lmtt/m/n/10 ## 14                                                              sum of the crosswalk widths along each approach of the intersection[] 
 []


Overfull \hbox (163.18028pt too wide) in paragraph at lines 1193--1193
[]\T1/lmtt/m/n/10 ## 15                                                        average annual daily flow for vehicules heading south at the intersection[] 
 []

[17]
<Replication_Code_files/figure-latex/unnamed-chunk-14-1.pdf, id=266, 794.97pt x 578.16pt>
File: Replication_Code_files/figure-latex/unnamed-chunk-14-1.pdf Graphic file (type pdf)
<use Replication_Code_files/figure-latex/unnamed-chunk-14-1.pdf>
Package pdftex.def Info: Replication_Code_files/figure-latex/unnamed-chunk-14-1.pdf  used on input line 1277.
(pdftex.def)             Requested size: 540.32985pt x 392.96715pt.
[18 <./Replication_Code_files/figure-latex/unnamed-chunk-14-1.pdf>]
<Replication_Code_files/figure-latex/unnamed-chunk-15-1.pdf, id=276, 794.97pt x 578.16pt>
File: Replication_Code_files/figure-latex/unnamed-chunk-15-1.pdf Graphic file (type pdf)
<use Replication_Code_files/figure-latex/unnamed-chunk-15-1.pdf>
Package pdftex.def Info: Replication_Code_files/figure-latex/unnamed-chunk-15-1.pdf  used on input line 1319.
(pdftex.def)             Requested size: 540.32985pt x 392.96715pt.
[19]
<Replication_Code_files/figure-latex/unnamed-chunk-16-1.pdf, id=282, 650.43pt x 433.62pt>
File: Replication_Code_files/figure-latex/unnamed-chunk-16-1.pdf Graphic file (type pdf)
<use Replication_Code_files/figure-latex/unnamed-chunk-16-1.pdf>
Package pdftex.def Info: Replication_Code_files/figure-latex/unnamed-chunk-16-1.pdf  used on input line 1351.
(pdftex.def)             Requested size: 540.353pt x 360.23534pt.
[20 <./Replication_Code_files/figure-latex/unnamed-chunk-15-1.pdf>] [21 <./Replication_Code_files/figure-latex/unnamed-chunk-16-1.pdf>]
<Replication_Code_files/figure-latex/unnamed-chunk-17-1.pdf, id=304, 794.97pt x 578.16pt>
File: Replication_Code_files/figure-latex/unnamed-chunk-17-1.pdf Graphic file (type pdf)
<use Replication_Code_files/figure-latex/unnamed-chunk-17-1.pdf>
Package pdftex.def Info: Replication_Code_files/figure-latex/unnamed-chunk-17-1.pdf  used on input line 1395.
(pdftex.def)             Requested size: 540.32985pt x 392.96715pt.
[22 <./Replication_Code_files/figure-latex/unnamed-chunk-17-1.pdf>]

Package hyperref Warning: Difference (2) between bookmark levels is greater 
(hyperref)                than one, level fixed on input line 1511.

[23] [24] [25] [26] [27] [28] [29] [30] [31] [32] [33] [34] [35] [36] [37] [38] [39] [40]
Overfull \hbox (163.18028pt too wide) in paragraph at lines 2681--2681
[]\T1/lmtt/m/n/10 ##                                                                                                                         description[] 
 []


Overfull \hbox (163.18028pt too wide) in paragraph at lines 2681--2681
[]\T1/lmtt/m/n/10 ## 1               number of pedestrian-vehicle prohibited interactions over each 15 min intervals during the observed counting period[] 
 []


Overfull \hbox (163.18028pt too wide) in paragraph at lines 2681--2681
[]\T1/lmtt/m/n/10 ## 2   number of pedestrian-vehicle left turning potential interactions over each 15 min intervals during the observed counting period[] 
 []


Overfull \hbox (163.18028pt too wide) in paragraph at lines 2681--2681
[]\T1/lmtt/m/n/10 ## 3                                                                                                                        log of cli[] 
 []


Overfull \hbox (163.18028pt too wide) in paragraph at lines 2681--2681
[]\T1/lmtt/m/n/10 ## 4  number of pedestrian-vehicle right turning potential interactions over each 15 min intervals during the observed counting period[] 
 []


Overfull \hbox (163.18028pt too wide) in paragraph at lines 2681--2681
[]\T1/lmtt/m/n/10 ## 5                                                                                                                        log of cri[] 
 []


Overfull \hbox (163.18028pt too wide) in paragraph at lines 2681--2681
[]\T1/lmtt/m/n/10 ## 6                                                                      average annual daily flow for pedestrian at the intersection[] 
 []


Overfull \hbox (163.18028pt too wide) in paragraph at lines 2681--2681
[]\T1/lmtt/m/n/10 ## 7                                                                                                  log of pi (if pi=0 then ln_pi=0)[] 
 []


Overfull \hbox (163.18028pt too wide) in paragraph at lines 2681--2681
[]\T1/lmtt/m/n/10 ## 8                                                     average annual daily flow for pedestrians heading southth at the intersection[] 
 []


Overfull \hbox (163.18028pt too wide) in paragraph at lines 2681--2681
[]\T1/lmtt/m/n/10 ## 9                                                       average annual daily flow for pedestrians heading north at the intersection[] 
 []


Overfull \hbox (163.18028pt too wide) in paragraph at lines 2681--2681
[]\T1/lmtt/m/n/10 ## 10                                                       average annual daily flow for pedestrians heading east at the intersection[] 
 []


Overfull \hbox (163.18028pt too wide) in paragraph at lines 2681--2681
[]\T1/lmtt/m/n/10 ## 11                                                       average annual daily flow for pedestrians heading west at the intersection[] 
 []


Overfull \hbox (163.18028pt too wide) in paragraph at lines 2681--2681
[]\T1/lmtt/m/n/10 ## 12                                                        average annual daily flow for vehicules turning right at the intersection[] 
 []


Overfull \hbox (163.18028pt too wide) in paragraph at lines 2681--2681
[]\T1/lmtt/m/n/10 ## 13                                                                                                                       log of fri[] 
 []


Overfull \hbox (163.18028pt too wide) in paragraph at lines 2681--2681
[]\T1/lmtt/m/n/10 ## 14                                              sum of the road widths (outside crosswalks) along each approach of the intersection[] 
 []


Overfull \hbox (163.18028pt too wide) in paragraph at lines 2681--2681
[]\T1/lmtt/m/n/10 ## 15                                                                                                                        log of fi[] 
 []


Overfull \hbox (163.18028pt too wide) in paragraph at lines 2681--2681
[]\T1/lmtt/m/n/10 ## 16                                                                      average annual daily flow for vehicules at the intersection[] 
 []


Overfull \hbox (163.18028pt too wide) in paragraph at lines 2681--2681
[]\T1/lmtt/m/n/10 ## 17                                                                                                                             <NA>[] 
 []


Overfull \hbox (163.18028pt too wide) in paragraph at lines 2681--2681
[]\T1/lmtt/m/n/10 ## 18                                                                                                                             <NA>[] 
 []


Overfull \hbox (163.18028pt too wide) in paragraph at lines 2681--2681
[]\T1/lmtt/m/n/10 ## 19                                             average annual daily flow for vehicules going through (straight) at the intersection[] 
 []


Overfull \hbox (163.18028pt too wide) in paragraph at lines 2681--2681
[]\T1/lmtt/m/n/10 ## 20                                                                                                                       log of fti[] 
 []


Overfull \hbox (163.18028pt too wide) in paragraph at lines 2681--2681
[]\T1/lmtt/m/n/10 ## 21                                                              sum of the crosswalk widths along each approach of the intersection[] 
 []


Overfull \hbox (163.18028pt too wide) in paragraph at lines 2681--2681
[]\T1/lmtt/m/n/10 ## 22                                                        average annual daily flow for vehicules turning left  at the intersection[] 
 []


Overfull \hbox (163.18028pt too wide) in paragraph at lines 2681--2681
[]\T1/lmtt/m/n/10 ## 23                                                                                                                       log of fli[] 
 []


Overfull \hbox (163.18028pt too wide) in paragraph at lines 2681--2681
[]\T1/lmtt/m/n/10 ## 24                                                        average annual daily flow for vehicules heading south at the intersection[] 
 []


Overfull \hbox (163.18028pt too wide) in paragraph at lines 2681--2681
[]\T1/lmtt/m/n/10 ## 25                                                        average annual daily flow for vehicules heading north at the intersection[] 
 []


Overfull \hbox (163.18028pt too wide) in paragraph at lines 2681--2681
[]\T1/lmtt/m/n/10 ## 26                                                     sum of the number of lanes flowing into the intersection along all approahes[] 
 []


Overfull \hbox (163.18028pt too wide) in paragraph at lines 2681--2681
[]\T1/lmtt/m/n/10 ## 27                                                                        average crosswalk width per  approach of the intersection[] 
 []


Overfull \hbox (163.18028pt too wide) in paragraph at lines 2681--2681
[]\T1/lmtt/m/n/10 ## 28                                                                                                                             <NA>[] 
 []


Overfull \hbox (163.18028pt too wide) in paragraph at lines 2681--2681
[]\T1/lmtt/m/n/10 ## 29                                                                                                                             <NA>[] 
 []


Overfull \hbox (163.18028pt too wide) in paragraph at lines 2681--2681
[]\T1/lmtt/m/n/10 ## 30                                                                               number of entrances/exits to commercial properties[] 
 []


Overfull \hbox (163.18028pt too wide) in paragraph at lines 2681--2681
[]\T1/lmtt/m/n/10 ## 31                                                                                                                             <NA>[] 
 []


Overfull \hbox (163.18028pt too wide) in paragraph at lines 2681--2681
[]\T1/lmtt/m/n/10 ## 32                                                                                                                             <NA>[] 
 []


Overfull \hbox (163.18028pt too wide) in paragraph at lines 2681--2681
[]\T1/lmtt/m/n/10 ## 33                                                                                                                             <NA>[] 
 []


Overfull \hbox (163.18028pt too wide) in paragraph at lines 2681--2681
[]\T1/lmtt/m/n/10 ## 34                                                                                                                             <NA>[] 
 []


Overfull \hbox (163.18028pt too wide) in paragraph at lines 2681--2681
[]\T1/lmtt/m/n/10 ## 35                                                         average annual daily flow for vehicules heading west at the intersection[] 
 []


Overfull \hbox (163.18028pt too wide) in paragraph at lines 2681--2681
[]\T1/lmtt/m/n/10 ## 36                                                                                                                             <NA>[] 
 []

[41]
Overfull \hbox (163.18028pt too wide) in paragraph at lines 2681--2681
[]\T1/lmtt/m/n/10 ## 37                                                                                                                             <NA>[] 
 []


Overfull \hbox (163.18028pt too wide) in paragraph at lines 2681--2681
[]\T1/lmtt/m/n/10 ## 38                                                                                                                             <NA>[] 
 []


Overfull \hbox (163.18028pt too wide) in paragraph at lines 2681--2681
[]\T1/lmtt/m/n/10 ## 39                                                         average annual daily flow for vehicules heading east at the intersection[] 
 []


Overfull \hbox (163.18028pt too wide) in paragraph at lines 2681--2681
[]\T1/lmtt/m/n/10 ## 40                                                                                                                             <NA>[] 
 []


Overfull \hbox (163.18028pt too wide) in paragraph at lines 2681--2681
[]\T1/lmtt/m/n/10 ## 41                                                                                                                             <NA>[] 
 []


Overfull \hbox (163.18028pt too wide) in paragraph at lines 2681--2681
[]\T1/lmtt/m/n/10 ## 42                                                                                                                             <NA>[] 
 []


Overfull \hbox (163.18028pt too wide) in paragraph at lines 2681--2681
[]\T1/lmtt/m/n/10 ## 43                                                                                                                             <NA>[] 
 []


Overfull \hbox (163.18028pt too wide) in paragraph at lines 2681--2681
[]\T1/lmtt/m/n/10 ## 44                                                                                                                             <NA>[] 
 []


Overfull \hbox (163.18028pt too wide) in paragraph at lines 2681--2681
[]\T1/lmtt/m/n/10 ## 45                                                                                                                             <NA>[] 
 []


Overfull \hbox (163.18028pt too wide) in paragraph at lines 2681--2681
[]\T1/lmtt/m/n/10 ## 46                                                                                                                             <NA>[] 
 []


Overfull \hbox (163.18028pt too wide) in paragraph at lines 2681--2681
[]\T1/lmtt/m/n/10 ## 47                                                                                                                             <NA>[] 
 []


Overfull \hbox (163.18028pt too wide) in paragraph at lines 2681--2681
[]\T1/lmtt/m/n/10 ## 48                                                                                                                             <NA>[] 
 []


Overfull \hbox (163.18028pt too wide) in paragraph at lines 2681--2681
[]\T1/lmtt/m/n/10 ## 49                                                                                                                             <NA>[] 
 []


Overfull \hbox (163.18028pt too wide) in paragraph at lines 2681--2681
[]\T1/lmtt/m/n/10 ## 50                                                                                                                             <NA>[] 
 []

[42] [43] [44] [45] [46] [47] [48] [49] [50] [51] [52]
<Replication_Code_files/figure-latex/unnamed-chunk-48-1.pdf, id=470, 650.43pt x 433.62pt>
File: Replication_Code_files/figure-latex/unnamed-chunk-48-1.pdf Graphic file (type pdf)
<use Replication_Code_files/figure-latex/unnamed-chunk-48-1.pdf>
Package pdftex.def Info: Replication_Code_files/figure-latex/unnamed-chunk-48-1.pdf  used on input line 3561.
(pdftex.def)             Requested size: 540.353pt x 360.23534pt.
[53] [54 <./Replication_Code_files/figure-latex/unnamed-chunk-48-1.pdf>] [55] [56] [57] [58] (./Replication_Code.aux)
 ***********
LaTeX2e <2023-11-01>
L3 programming layer <2024-01-04>
 ***********
Package rerunfilecheck Info: File `Replication_Code.out' has not changed.
(rerunfilecheck)             Checksum: C3A513D0C0EF9C1A6DAF7E2FFFD74B53;6321.
 ) 
Here is how much of TeX's memory you used:
 11992 strings out of 476132
 188323 string characters out of 5793495
 1994528 words of memory out of 5000000
 33707 multiletter control sequences out of 15000+600000
 597364 words of font info for 68 fonts, out of 8000000 for 9000
 14 hyphenation exceptions out of 8191
 75i,12n,79p,949b,594s stack positions out of 10000i,1000n,20000p,200000b,200000s
<c:/Users/jairp/AppData/Roaming/TinyTeX/texmf-dist/fonts/type1/public/lm/lmbx10.pfb><c:/Users/jairp/AppData/Roaming/TinyTeX/texmf-dist/fonts/type1/public/lm/lmbx12.pfb><c:/Users/jairp/AppData/Roaming/TinyTeX/texmf-dist/fonts/type1/public/lm/lmr10.pfb><c:/Users/jairp/AppData/Roaming/TinyTeX/texmf-dist/fonts/type1/public/lm/lmr12.pfb><c:/Users/jairp/AppData/Roaming/TinyTeX/texmf-dist/fonts/type1/public/lm/lmr17.pfb><c:/Users/jairp/AppData/Roaming/TinyTeX/texmf-dist/fonts/type1/public/lm/lmro10.pfb><c:/Users/jairp/AppData/Roaming/TinyTeX/texmf-dist/fonts/type1/public/lm/lmtk10.pfb><c:/Users/jairp/AppData/Roaming/TinyTeX/texmf-dist/fonts/type1/public/lm/lmtko10.pfb><c:/Users/jairp/AppData/Roaming/TinyTeX/texmf-dist/fonts/type1/public/lm/lmtt10.pfb><c:/Users/jairp/AppData/Roaming/TinyTeX/texmf-dist/fonts/type1/public/lm/lmtti10.pfb>
Output written on Replication_Code.pdf (58 pages, 454009 bytes).
PDF statistics:
 594 PDF objects out of 1000 (max. 8388607)
 492 compressed objects within 5 object streams
 151 named destinations out of 1000 (max. 500000)
 335 words of extra memory for PDF output out of 10000 (max. 10000000)

